<?xml version="1.0" encoding="UTF-8"?>
<testng-results skipped="0" failed="0" ignored="0" total="1" passed="1">
  <reporter-output>
  </reporter-output>
  <suite name="Default suite" duration-ms="17270" started-at="2019-09-25T11:50:24 IST" finished-at="2019-09-25T11:50:41 IST">
    <groups>
    </groups>
    <test name="Default test" duration-ms="17270" started-at="2019-09-25T11:50:24 IST" finished-at="2019-09-25T11:50:41 IST">
      <class name="pom_withpagefactory.NewTest_witfactory">
        <test-method status="PASS" signature="f()[pri:0, instance:pom_withpagefactory.NewTest_witfactory@7c29daf3]" name="f" duration-ms="17214" started-at="2019-09-25T11:50:24 IST" finished-at="2019-09-25T11:50:41 IST">
          <reporter-output>
          </reporter-output>
        </test-method> <!-- f -->
      </class> <!-- pom_withpagefactory.NewTest_witfactory -->
    </test> <!-- Default test -->
  </suite> <!-- Default suite -->
</testng-results>
